socket.io/?EIO=3&transport=polling&t=LqyX2xF&sid=bJgQUcOWJx0m6l76ALDP Failed to load resource: the server responded with a status of 400 ()
socket.io/?EIO=3&transport=polling&t=LqyX3U7&sid=bJgQUcOWJx0m6l76ALDP Failed to load resource: the server responded with a status of 400 ()
socket.io/?EIO=3&transport=polling&t=LqyXtWv&sid=aR9QpVhXxtQQ_SIIALLi Failed to load resource: the server responded with a status of 400 ()
socket.io/?EIO=3&transport=polling&t=LqyXvZa&sid=aR9QpVhXxtQQ_SIIALLi Failed to load resource: the server responded with a status of 400 ()
socket.io/?EIO=3&transport=polling&t=LqyX_qv&sid=p5BZCEMvJ5_S9SeRALNX Failed to load resource: the server responded with a status of 400 ()
socket.io/?EIO=3&transport=polling&t=LqyY0Q8&sid=p5BZCEMvJ5_S9SeRALNX Failed to load resource: the server responded with a status of 400 ()
socket.io/?EIO=3&transport=polling&t=LqyZYIR&sid=N8xsGdfjCciamx4TALNr Failed to load resource: the server responded with a status of 400 ()
socket.io/?EIO=3&transport=polling&t=LqyZd9l&sid=N8xsGdfjCciamx4TALNr Failed to load resource: the server responded with a status of 400 ()
socket.io/?EIO=3&transport=polling&t=LqyhG9M&sid=9u_sjd_e9aKRL8FfALSO Failed to load resource: the server responded with a status of 400 ()
socket.io/?EIO=3&transport=polling&t=LqyhL0N&sid=9u_sjd_e9aKRL8FfALSO Failed to load resource: the server responded with a status of 400 ()
socket.io/?EIO=3&transport=polling&t=Lqyhjlg&sid=5w3tsCZ4Zf0nfaGiALoV Failed to load resource: the server responded with a status of 400 ()
socket.io/?EIO=3&transport=polling&t=Lqyhoda&sid=5w3tsCZ4Zf0nfaGiALoV Failed to load resource: the server responded with a status of 400 ()
socket.io/?EIO=3&transport=polling&t=LqymA2i&sid=30d1LcsP2SNSH9HQALpc Failed to load resource: the server responded with a status of 400 ()
socket.io/?EIO=3&transport=polling&t=LqymAjw&sid=30d1LcsP2SNSH9HQALpc Failed to load resource: the server responded with a status of 400 ()
socket.io/?EIO=3&transport=polling&t=Lqypp8H&sid=Wni0blnw_4PvtNNWALzv Failed to load resource: the server responded with a status of 400 ()
socket.io/?EIO=3&transport=polling&t=LqypqUA&sid=Wni0blnw_4PvtNNWALzv Failed to load resource: the server responded with a status of 400 ()
socket.io/?EIO=3&transport=polling&t=Lqyq0uK&sid=XQBmE3y0dP4sntFbAL8H Failed to load resource: the server responded with a status of 400 ()
socket.io/?EIO=3&transport=polling&t=Lqyq5ZZ&sid=XQBmE3y0dP4sntFbAL8H Failed to load resource: the server responded with a status of 400 ()
socket.io/?EIO=3&transport=polling&t=Lqyzeb6&sid=oFzvPBvuv04ItJk-AL8q Failed to load resource: the server responded with a status of 400 ()
socket.io/?EIO=3&transport=polling&t=LqyzjTS&sid=oFzvPBvuv04ItJk-AL8q Failed to load resource: the server responded with a status of 400 ()
socket.io/?EIO=3&transport=polling&t=Lqy-7Y7&sid=krXNmF0MxMyWidH2AMWS Failed to load resource: the server responded with a status of 400 ()
socket.io/?EIO=3&transport=polling&t=Lqy-Ama&sid=krXNmF0MxMyWidH2AMWS Failed to load resource: the server responded with a status of 400 ()
socket.io/?EIO=3&transport=polling&t=Lqz7qZH&sid=MJt4g1gnr4dgj5JPAMXi Failed to load resource: the server responded with a status of 400 ()
socket.io/?EIO=3&transport=polling&t=Lqz7v53&sid=MJt4g1gnr4dgj5JPAMXi Failed to load resource: the server responded with a status of 400 ()
VM1534:59 Game crashed at  487
VM1534:81 Cum_Lost: 0 / Cooltime_Flag: 0
VM1534:42 ------------------------
VM1534:43 New Game Start
VM1534:49 Cannot Bet!
VM1534:59 Game crashed at  128
VM1534:81 Cum_Lost: 0 / Cooltime_Flag: 0
VM1534:42 ------------------------
VM1534:43 New Game Start
VM1534:49 Cannot Bet!
VM1534:59 Game crashed at  299
VM1534:81 Cum_Lost: 0 / Cooltime_Flag: 0
VM1534:42 ------------------------
VM1534:43 New Game Start
VM1534:49 Cannot Bet!
VM1534:59 Game crashed at  432
VM1534:81 Cum_Lost: 0 / Cooltime_Flag: 0
VM1534:42 ------------------------
VM1534:43 New Game Start
VM1534:49 Cannot Bet!
VM1534:59 Game crashed at  211
VM1534:81 Cum_Lost: 0 / Cooltime_Flag: 0
VM1534:42 ------------------------
VM1534:43 New Game Start
VM1534:49 Cannot Bet!
VM1534:59 Game crashed at  405
VM1534:81 Cum_Lost: 0 / Cooltime_Flag: 0
VM1534:42 ------------------------
VM1534:43 New Game Start
VM1534:49 Cannot Bet!
VM1534:59 Game crashed at  180
VM1534:81 Cum_Lost: 0 / Cooltime_Flag: 0
VM1534:42 ------------------------
VM1534:43 New Game Start
VM1534:49 Cannot Bet!
VM1534:59 Game crashed at  459
VM1534:81 Cum_Lost: 0 / Cooltime_Flag: 0
VM1534:42 ------------------------
VM1534:43 New Game Start
VM1534:49 Cannot Bet!
VM1534:59 Game crashed at  212
VM1534:81 Cum_Lost: 0 / Cooltime_Flag: 0
VM1534:42 ------------------------
VM1534:43 New Game Start
VM1534:49 Cannot Bet!
VM1534:59 Game crashed at  139
VM1534:81 Cum_Lost: 0 / Cooltime_Flag: 0
VM1534:42 ------------------------
VM1534:43 New Game Start
VM1534:49 Cannot Bet!
VM1534:59 Game crashed at  735
VM1534:81 Cum_Lost: 0 / Cooltime_Flag: 0
VM1534:42 ------------------------
VM1534:43 New Game Start
VM1534:49 Cannot Bet!
VM1534:59 Game crashed at  679
VM1534:81 Cum_Lost: 0 / Cooltime_Flag: 0
VM1534:42 ------------------------
VM1534:43 New Game Start
VM1534:49 Cannot Bet!
VM1534:59 Game crashed at  654
VM1534:81 Cum_Lost: 0 / Cooltime_Flag: 0
VM1534:42 ------------------------
VM1534:43 New Game Start
VM1534:49 Cannot Bet!
VM1534:59 Game crashed at  186
VM1534:81 Cum_Lost: 0 / Cooltime_Flag: 0
VM1534:42 ------------------------
VM1534:43 New Game Start
VM1534:49 Cannot Bet!
VM1534:59 Game crashed at  138
VM1534:81 Cum_Lost: 0 / Cooltime_Flag: 0
VM1534:42 ------------------------
VM1534:43 New Game Start
VM1534:49 Cannot Bet!
VM1534:59 Game crashed at  139
VM1534:81 Cum_Lost: 0 / Cooltime_Flag: 0
VM1534:42 ------------------------
VM1534:43 New Game Start
VM1534:49 Cannot Bet!
VM1534:59 Game crashed at  117
VM1534:81 Cum_Lost: 0 / Cooltime_Flag: 0
VM1534:42 ------------------------
VM1534:43 New Game Start
VM1534:46 Let's Bet: 2 x   : 3.45% => 1.76% , 4 Passed / Invest: 100 bits
VM1534:59 Game crashed at  2658
VM1534:71 You Win 100 bits
VM1534:81 Cum_Lost: 0 / Cooltime_Flag: 0
VM1534:42 ------------------------
VM1534:43 New Game Start
VM1534:49 Cannot Bet!
VM1534:59 Game crashed at  638
VM1534:81 Cum_Lost: 0 / Cooltime_Flag: 0
VM1534:42 ------------------------
VM1534:43 New Game Start
VM1534:49 Cannot Bet!
VM1534:59 Game crashed at  165
VM1534:81 Cum_Lost: 0 / Cooltime_Flag: 0
VM1534:42 ------------------------
VM1534:43 New Game Start
VM1534:49 Cannot Bet!
VM1534:59 Game crashed at  114
VM1534:81 Cum_Lost: 0 / Cooltime_Flag: 0
VM1534:42 ------------------------
VM1534:43 New Game Start
VM1534:49 Cannot Bet!
VM1534:59 Game crashed at  273
VM1534:81 Cum_Lost: 0 / Cooltime_Flag: 0
VM1534:42 ------------------------
VM1534:43 New Game Start
VM1534:49 Cannot Bet!
VM1534:59 Game crashed at  342
VM1534:81 Cum_Lost: 0 / Cooltime_Flag: 0
VM1534:42 ------------------------
VM1534:43 New Game Start
VM1534:49 Cannot Bet!
VM1534:59 Game crashed at  178
VM1534:81 Cum_Lost: 0 / Cooltime_Flag: 0
VM1534:42 ------------------------
VM1534:43 New Game Start
VM1534:49 Cannot Bet!
VM1534:59 Game crashed at  160
VM1534:81 Cum_Lost: 0 / Cooltime_Flag: 0
VM1534:42 ------------------------
VM1534:43 New Game Start
VM1534:49 Cannot Bet!
VM1534:59 Game crashed at  615
VM1534:81 Cum_Lost: 0 / Cooltime_Flag: 0
VM1534:42 ------------------------
VM1534:43 New Game Start
VM1534:49 Cannot Bet!
VM1534:59 Game crashed at  329
VM1534:81 Cum_Lost: 0 / Cooltime_Flag: 0
VM1534:42 ------------------------
VM1534:43 New Game Start
VM1534:49 Cannot Bet!
VM1534:59 Game crashed at  413
VM1534:81 Cum_Lost: 0 / Cooltime_Flag: 0
VM1534:42 ------------------------
VM1534:43 New Game Start
VM1534:49 Cannot Bet!
VM1534:59 Game crashed at  735
VM1534:81 Cum_Lost: 0 / Cooltime_Flag: 0
VM1534:42 ------------------------
VM1534:43 New Game Start
VM1534:49 Cannot Bet!
VM1534:59 Game crashed at  292
VM1534:81 Cum_Lost: 0 / Cooltime_Flag: 0
VM1534:42 ------------------------
VM1534:43 New Game Start
VM1534:49 Cannot Bet!
VM1534:59 Game crashed at  164
VM1534:81 Cum_Lost: 0 / Cooltime_Flag: 0
VM1534:42 ------------------------
VM1534:43 New Game Start
VM1534:49 Cannot Bet!
VM1534:59 Game crashed at  170
VM1534:81 Cum_Lost: 0 / Cooltime_Flag: 0
VM1534:42 ------------------------
VM1534:43 New Game Start
VM1534:49 Cannot Bet!
VM1534:59 Game crashed at  101
VM1534:81 Cum_Lost: 0 / Cooltime_Flag: 0
VM1534:42 ------------------------
VM1534:43 New Game Start
VM1534:49 Cannot Bet!
VM1534:59 Game crashed at  2129
VM1534:81 Cum_Lost: 0 / Cooltime_Flag: 0
VM1534:42 ------------------------
VM1534:43 New Game Start
VM1534:49 Cannot Bet!
VM1534:59 Game crashed at  187
VM1534:81 Cum_Lost: 0 / Cooltime_Flag: 0
VM1534:42 ------------------------
VM1534:43 New Game Start
VM1534:49 Cannot Bet!
VM1534:59 Game crashed at  127
VM1534:81 Cum_Lost: 0 / Cooltime_Flag: 0
VM1534:42 ------------------------
VM1534:43 New Game Start
VM1534:49 Cannot Bet!
VM1534:59 Game crashed at  1191
VM1534:81 Cum_Lost: 0 / Cooltime_Flag: 0
VM1534:42 ------------------------
VM1534:43 New Game Start
VM1534:49 Cannot Bet!
VM1534:59 Game crashed at  112
VM1534:81 Cum_Lost: 0 / Cooltime_Flag: 0
VM1534:42 ------------------------
VM1534:43 New Game Start
VM1534:49 Cannot Bet!
VM1534:59 Game crashed at  115
VM1534:81 Cum_Lost: 0 / Cooltime_Flag: 0
VM1534:42 ------------------------
VM1534:43 New Game Start
VM1534:49 Cannot Bet!
VM1534:59 Game crashed at  53975
VM1534:81 Cum_Lost: 0 / Cooltime_Flag: 0
VM1534:42 ------------------------
VM1534:43 New Game Start
VM1534:49 Cannot Bet!
VM1534:59 Game crashed at  156
VM1534:81 Cum_Lost: 0 / Cooltime_Flag: 0
VM1534:42 ------------------------
VM1534:43 New Game Start
VM1534:49 Cannot Bet!
VM1534:59 Game crashed at  425
VM1534:81 Cum_Lost: 0 / Cooltime_Flag: 0
VM1534:42 ------------------------
VM1534:43 New Game Start
VM1534:49 Cannot Bet!
VM1534:59 Game crashed at  6488
VM1534:81 Cum_Lost: 0 / Cooltime_Flag: 0
VM1534:42 ------------------------
VM1534:43 New Game Start
VM1534:49 Cannot Bet!
VM1534:59 Game crashed at  3560
VM1534:81 Cum_Lost: 0 / Cooltime_Flag: 0
VM1534:42 ------------------------
VM1534:43 New Game Start
VM1534:49 Cannot Bet!
VM1534:59 Game crashed at  1697
VM1534:81 Cum_Lost: 0 / Cooltime_Flag: 0
VM1534:42 ------------------------
VM1534:43 New Game Start
VM1534:49 Cannot Bet!
VM1534:59 Game crashed at  133
VM1534:81 Cum_Lost: 0 / Cooltime_Flag: 0
VM1534:42 ------------------------
VM1534:43 New Game Start
VM1534:49 Cannot Bet!
VM1534:59 Game crashed at  357
VM1534:81 Cum_Lost: 0 / Cooltime_Flag: 0
VM1534:42 ------------------------
VM1534:43 New Game Start
VM1534:49 Cannot Bet!
VM1534:59 Game crashed at  141
VM1534:81 Cum_Lost: 0 / Cooltime_Flag: 0
VM1534:42 ------------------------
VM1534:43 New Game Start
VM1534:49 Cannot Bet!
VM1534:59 Game crashed at  259
VM1534:81 Cum_Lost: 0 / Cooltime_Flag: 0
VM1534:42 ------------------------
VM1534:43 New Game Start
VM1534:49 Cannot Bet!
VM1534:59 Game crashed at  127
VM1534:81 Cum_Lost: 0 / Cooltime_Flag: 0
VM1534:42 ------------------------
VM1534:43 New Game Start
VM1534:49 Cannot Bet!
VM1534:59 Game crashed at  146
VM1534:81 Cum_Lost: 0 / Cooltime_Flag: 0
VM1534:42 ------------------------
VM1534:43 New Game Start
VM1534:49 Cannot Bet!
VM1534:59 Game crashed at  1019
VM1534:81 Cum_Lost: 0 / Cooltime_Flag: 0
VM1534:42 ------------------------
VM1534:43 New Game Start
VM1534:49 Cannot Bet!
VM1534:59 Game crashed at  123
VM1534:81 Cum_Lost: 0 / Cooltime_Flag: 0
VM1534:42 ------------------------
VM1534:43 New Game Start
VM1534:49 Cannot Bet!
VM1534:59 Game crashed at  311
VM1534:81 Cum_Lost: 0 / Cooltime_Flag: 0
VM1534:42 ------------------------
VM1534:43 New Game Start
VM1534:49 Cannot Bet!
VM1534:59 Game crashed at  101
VM1534:81 Cum_Lost: 0 / Cooltime_Flag: 0
VM1534:42 ------------------------
VM1534:43 New Game Start
VM1534:49 Cannot Bet!
VM1534:59 Game crashed at  114
VM1534:81 Cum_Lost: 0 / Cooltime_Flag: 0
VM1534:42 ------------------------
VM1534:43 New Game Start
VM1534:49 Cannot Bet!
VM1534:59 Game crashed at  667
VM1534:81 Cum_Lost: 0 / Cooltime_Flag: 0
VM1534:42 ------------------------
VM1534:43 New Game Start
VM1534:49 Cannot Bet!
VM1534:59 Game crashed at  122
VM1534:81 Cum_Lost: 0 / Cooltime_Flag: 0
VM1534:42 ------------------------
VM1534:43 New Game Start
VM1534:49 Cannot Bet!
VM1534:59 Game crashed at  0
VM1534:81 Cum_Lost: 0 / Cooltime_Flag: 0
VM1534:42 ------------------------
VM1534:43 New Game Start
VM1534:49 Cannot Bet!
VM1534:59 Game crashed at  115
VM1534:81 Cum_Lost: 0 / Cooltime_Flag: 0
VM1534:42 ------------------------
VM1534:43 New Game Start
VM1534:49 Cannot Bet!
socket.io/?EIO=3&transport=polling&t=LqzEn6u&sid=043VvhHuKd88BawSAMy_ Failed to load resource: the server responded with a status of 400 ()
main-new-cf5ee4ec.js:14 on error:  Error: xhr poll error
    at o.r.onError (main-new-cf5ee4ec.js:9)
    at i.<anonymous> (main-new-cf5ee4ec.js:9)
    at i.r.emit (main-new-cf5ee4ec.js:9)
    at i.onError (main-new-cf5ee4ec.js:9)
    at main-new-cf5ee4ec.js:9
main-new-cf5ee4ec.js:14 Server sent us the error:  Error: xhr poll error
    at o.r.onError (main-new-cf5ee4ec.js:9)
    at i.<anonymous> (main-new-cf5ee4ec.js:9)
    at i.r.emit (main-new-cf5ee4ec.js:9)
    at i.onError (main-new-cf5ee4ec.js:9)
    at main-new-cf5ee4ec.js:9
(anonymous) @ main-new-cf5ee4ec.js:14
socket.io/?EIO=3&transport=polling&t=LqzEr-H&sid=043VvhHuKd88BawSAMy_ Failed to load resource: the server responded with a status of 400 ()
VM1534:59 Game crashed at  4890
VM1534:81 Cum_Lost: 0 / Cooltime_Flag: 0
VM1534:42 ------------------------
VM1534:43 New Game Start
VM1534:49 Cannot Bet!
VM1534:59 Game crashed at  464
VM1534:81 Cum_Lost: 0 / Cooltime_Flag: 0
VM1534:42 ------------------------
VM1534:43 New Game Start
VM1534:49 Cannot Bet!
VM1534:59 Game crashed at  707
VM1534:81 Cum_Lost: 0 / Cooltime_Flag: 0
VM1534:42 ------------------------
VM1534:43 New Game Start
VM1534:49 Cannot Bet!
VM1534:59 Game crashed at  157
VM1534:81 Cum_Lost: 0 / Cooltime_Flag: 0
VM1534:42 ------------------------
VM1534:43 New Game Start
VM1534:49 Cannot Bet!
VM1534:59 Game crashed at  275
VM1534:81 Cum_Lost: 0 / Cooltime_Flag: 0
VM1534:42 ------------------------
VM1534:43 New Game Start
VM1534:49 Cannot Bet!
VM1534:59 Game crashed at  151
VM1534:81 Cum_Lost: 0 / Cooltime_Flag: 0
VM1534:42 ------------------------
VM1534:43 New Game Start
VM1534:49 Cannot Bet!
VM1534:59 Game crashed at  737
VM1534:81 Cum_Lost: 0 / Cooltime_Flag: 0
VM1534:42 ------------------------
VM1534:43 New Game Start
VM1534:49 Cannot Bet!
VM1534:59 Game crashed at  110
VM1534:81 Cum_Lost: 0 / Cooltime_Flag: 0
VM1534:42 ------------------------
VM1534:43 New Game Start
VM1534:49 Cannot Bet!
VM1534:59 Game crashed at  653
VM1534:81 Cum_Lost: 0 / Cooltime_Flag: 0
VM1534:42 ------------------------
VM1534:43 New Game Start
VM1534:49 Cannot Bet!
VM1534:59 Game crashed at  162
VM1534:81 Cum_Lost: 0 / Cooltime_Flag: 0
VM1534:42 ------------------------
VM1534:43 New Game Start
VM1534:49 Cannot Bet!
VM1534:59 Game crashed at  961
VM1534:81 Cum_Lost: 0 / Cooltime_Flag: 0
VM1534:42 ------------------------
VM1534:43 New Game Start
VM1534:49 Cannot Bet!
VM1534:59 Game crashed at  215
VM1534:81 Cum_Lost: 0 / Cooltime_Flag: 0
VM1534:42 ------------------------
VM1534:43 New Game Start
VM1534:49 Cannot Bet!
VM1534:59 Game crashed at  463
VM1534:81 Cum_Lost: 0 / Cooltime_Flag: 0
VM1534:42 ------------------------
VM1534:43 New Game Start
VM1534:49 Cannot Bet!
VM1534:59 Game crashed at  328
VM1534:81 Cum_Lost: 0 / Cooltime_Flag: 0
VM1534:42 ------------------------
VM1534:43 New Game Start
VM1534:49 Cannot Bet!
VM1534:59 Game crashed at  100
VM1534:81 Cum_Lost: 0 / Cooltime_Flag: 0
VM1534:42 ------------------------
VM1534:43 New Game Start
VM1534:49 Cannot Bet!
VM1534:59 Game crashed at  255
VM1534:81 Cum_Lost: 0 / Cooltime_Flag: 0
VM1534:42 ------------------------
VM1534:43 New Game Start
VM1534:49 Cannot Bet!
VM1534:59 Game crashed at  148
VM1534:81 Cum_Lost: 0 / Cooltime_Flag: 0
VM1534:42 ------------------------
VM1534:43 New Game Start
VM1534:49 Cannot Bet!
VM1534:59 Game crashed at  122
VM1534:81 Cum_Lost: 0 / Cooltime_Flag: 0
VM1534:42 ------------------------
VM1534:43 New Game Start
VM1534:49 Cannot Bet!
VM1534:59 Game crashed at  129
VM1534:81 Cum_Lost: 0 / Cooltime_Flag: 0
VM1534:42 ------------------------
VM1534:43 New Game Start
VM1534:49 Cannot Bet!
VM1534:59 Game crashed at  171
VM1534:81 Cum_Lost: 0 / Cooltime_Flag: 0
VM1534:42 ------------------------
VM1534:43 New Game Start
VM1534:46 Let's Bet: 2 x   : 3.45% => 1.76% , 4 Passed / Invest: 100 bits
VM1534:59 Game crashed at  195
VM1534:62 You Lose 100 bits
VM1534:81 Cum_Lost: 1 / Cooltime_Flag: 0
VM1534:42 ------------------------
VM1534:43 New Game Start
VM1534:46 Let's Bet: 2 x   : 1.76% => 0.9% , 5 Passed / Invest: 120 bits
VM1534:59 Game crashed at  358
VM1534:71 You Win 120 bits
VM1534:81 Cum_Lost: 0 / Cooltime_Flag: 0
VM1534:42 ------------------------
VM1534:43 New Game Start
VM1534:46 Let's Bet: 3.59 x   : 4.3% => 3.14% , 9 Passed / Invest: 100 bits
VM1534:59 Game crashed at  106
VM1534:62 You Lose 100 bits
VM1534:81 Cum_Lost: 1 / Cooltime_Flag: 0
VM1534:42 ------------------------
VM1534:43 New Game Start
VM1534:46 Let's Bet: 3.59 x   : 3.14% => 2.29% , 10 Passed / Invest: 120 bits
VM1534:59 Game crashed at  205
VM1534:62 You Lose 120 bits
VM1534:81 Cum_Lost: 2 / Cooltime_Flag: 0
VM1534:42 ------------------------
VM1534:43 New Game Start
VM1534:46 Let's Bet: 3.59 x   : 2.29% => 1.67% , 11 Passed / Invest: 140 bits
VM1534:59 Game crashed at  230
VM1534:62 You Lose 140 bits
VM1534:81 Cum_Lost: 3 / Cooltime_Flag: 0
VM1534:42 ------------------------
VM1534:43 New Game Start
VM1534:46 Let's Bet: 3.59 x   : 1.67% => 1.22% , 12 Passed / Invest: 160 bits
VM1534:59 Game crashed at  428
VM1534:71 You Win 414.4 bits
VM1534:81 Cum_Lost: 0 / Cooltime_Flag: 0
VM1534:42 ------------------------
VM1534:43 New Game Start
VM1534:46 Let's Bet: 4.64 x   : 2.3% => 1.82% , 15 Passed / Invest: 100 bits
VM1534:59 Game crashed at  636
VM1534:71 You Win 363.99999999999994 bits
VM1534:81 Cum_Lost: 0 / Cooltime_Flag: 0
VM1534:42 ------------------------
VM1534:43 New Game Start
VM1534:49 Cannot Bet!
VM1534:59 Game crashed at  363
VM1534:81 Cum_Lost: 0 / Cooltime_Flag: 0
VM1534:42 ------------------------
VM1534:43 New Game Start
VM1534:49 Cannot Bet!
VM1534:59 Game crashed at  5556
VM1534:81 Cum_Lost: 0 / Cooltime_Flag: 0
VM1534:42 ------------------------
VM1534:43 New Game Start
VM1534:49 Cannot Bet!
VM1534:59 Game crashed at  460
VM1534:81 Cum_Lost: 0 / Cooltime_Flag: 0
VM1534:42 ------------------------
VM1534:43 New Game Start
VM1534:49 Cannot Bet!
VM1534:59 Game crashed at  684
VM1534:81 Cum_Lost: 0 / Cooltime_Flag: 0
VM1534:42 ------------------------
VM1534:43 New Game Start
VM1534:49 Cannot Bet!
VM1534:59 Game crashed at  914
VM1534:81 Cum_Lost: 0 / Cooltime_Flag: 0
VM1534:42 ------------------------
VM1534:43 New Game Start
VM1534:49 Cannot Bet!
VM1534:59 Game crashed at  915
VM1534:81 Cum_Lost: 0 / Cooltime_Flag: 0
VM1534:42 ------------------------
VM1534:43 New Game Start
VM1534:49 Cannot Bet!
VM1534:59 Game crashed at  165
VM1534:81 Cum_Lost: 0 / Cooltime_Flag: 0
VM1534:42 ------------------------
VM1534:43 New Game Start
VM1534:49 Cannot Bet!
VM1534:59 Game crashed at  207
VM1534:81 Cum_Lost: 0 / Cooltime_Flag: 0
VM1534:42 ------------------------
VM1534:43 New Game Start
VM1534:49 Cannot Bet!
VM1534:59 Game crashed at  228
VM1534:81 Cum_Lost: 0 / Cooltime_Flag: 0
VM1534:42 ------------------------
VM1534:43 New Game Start
VM1534:49 Cannot Bet!
VM1534:59 Game crashed at  348
VM1534:81 Cum_Lost: 0 / Cooltime_Flag: 0
VM1534:42 ------------------------
VM1534:43 New Game Start
VM1534:49 Cannot Bet!
VM1534:59 Game crashed at  1232
VM1534:81 Cum_Lost: 0 / Cooltime_Flag: 0
VM1534:42 ------------------------
VM1534:43 New Game Start
VM1534:49 Cannot Bet!
VM1534:59 Game crashed at  520
VM1534:81 Cum_Lost: 0 / Cooltime_Flag: 0
VM1534:42 ------------------------
VM1534:43 New Game Start
VM1534:49 Cannot Bet!
VM1534:59 Game crashed at  107
VM1534:81 Cum_Lost: 0 / Cooltime_Flag: 0
VM1534:42 ------------------------
VM1534:43 New Game Start
VM1534:49 Cannot Bet!
VM1534:59 Game crashed at  523
VM1534:81 Cum_Lost: 0 / Cooltime_Flag: 0
VM1534:42 ------------------------
VM1534:43 New Game Start
VM1534:49 Cannot Bet!
VM1534:59 Game crashed at  130
VM1534:81 Cum_Lost: 0 / Cooltime_Flag: 0
VM1534:42 ------------------------
VM1534:43 New Game Start
VM1534:49 Cannot Bet!
socket.io/?EIO=3&transport=polling&t=LqzJHCe&sid=wti6yryS9M_qjCdkANDq Failed to load resource: the server responded with a status of 400 ()
main-new-cf5ee4ec.js:14 on error:  Error: xhr poll error
    at o.r.onError (main-new-cf5ee4ec.js:9)
    at i.<anonymous> (main-new-cf5ee4ec.js:9)
    at i.r.emit (main-new-cf5ee4ec.js:9)
    at i.onError (main-new-cf5ee4ec.js:9)
    at main-new-cf5ee4ec.js:9
main-new-cf5ee4ec.js:14 Server sent us the error:  Error: xhr poll error
    at o.r.onError (main-new-cf5ee4ec.js:9)
    at i.<anonymous> (main-new-cf5ee4ec.js:9)
    at i.r.emit (main-new-cf5ee4ec.js:9)
    at i.onError (main-new-cf5ee4ec.js:9)
    at main-new-cf5ee4ec.js:9
(anonymous) @ main-new-cf5ee4ec.js:14
socket.io/?EIO=3&transport=polling&t=LqzJHYM&sid=wti6yryS9M_qjCdkANDq Failed to load resource: the server responded with a status of 400 ()
VM1534:59 Game crashed at  751
VM1534:81 Cum_Lost: 0 / Cooltime_Flag: 0
VM1534:42 ------------------------
VM1534:43 New Game Start
VM1534:49 Cannot Bet!
VM1534:59 Game crashed at  266
VM1534:81 Cum_Lost: 0 / Cooltime_Flag: 0
VM1534:42 ------------------------
VM1534:43 New Game Start
VM1534:49 Cannot Bet!
VM1534:59 Game crashed at  206
VM1534:81 Cum_Lost: 0 / Cooltime_Flag: 0
VM1534:42 ------------------------
VM1534:43 New Game Start
VM1534:49 Cannot Bet!
VM1534:59 Game crashed at  163
VM1534:81 Cum_Lost: 0 / Cooltime_Flag: 0
VM1534:42 ------------------------
VM1534:43 New Game Start
VM1534:49 Cannot Bet!
VM1534:59 Game crashed at  141
VM1534:81 Cum_Lost: 0 / Cooltime_Flag: 0
VM1534:42 ------------------------
VM1534:43 New Game Start
VM1534:49 Cannot Bet!
VM1534:59 Game crashed at  121
VM1534:81 Cum_Lost: 0 / Cooltime_Flag: 0
VM1534:42 ------------------------
VM1534:43 New Game Start
VM1534:46 Let's Bet: 2.07 x   : 4.18% => 2.22% , 4 Passed / Invest: 100 bits
VM1534:59 Game crashed at  270
VM1534:71 You Win 106.99999999999999 bits
VM1534:81 Cum_Lost: 0 / Cooltime_Flag: 0
VM1534:42 ------------------------
VM1534:43 New Game Start
VM1534:46 Let's Bet: 2.71 x   : 4.4% => 2.81% , 6 Passed / Invest: 100 bits
VM1534:59 Game crashed at  112
VM1534:62 You Lose 100 bits
VM1534:81 Cum_Lost: 1 / Cooltime_Flag: 0
VM1534:42 ------------------------
VM1534:43 New Game Start
VM1534:46 Let's Bet: 2.71 x   : 2.81% => 1.8% , 7 Passed / Invest: 120 bits
VM1534:59 Game crashed at  1738
VM1534:71 You Win 205.2 bits
VM1534:81 Cum_Lost: 0 / Cooltime_Flag: 0
VM1534:42 ------------------------
VM1534:43 New Game Start
VM1534:49 Cannot Bet!
VM1534:59 Game crashed at  107
VM1534:81 Cum_Lost: 0 / Cooltime_Flag: 0
VM1534:42 ------------------------
VM1534:43 New Game Start
VM1534:49 Cannot Bet!
VM1534:59 Game crashed at  106
VM1534:81 Cum_Lost: 0 / Cooltime_Flag: 0
VM1534:42 ------------------------
VM1534:43 New Game Start
VM1534:49 Cannot Bet!
VM1534:59 Game crashed at  144
VM1534:81 Cum_Lost: 0 / Cooltime_Flag: 0
VM1534:42 ------------------------
VM1534:43 New Game Start
VM1534:49 Cannot Bet!
VM1534:59 Game crashed at  377
VM1534:81 Cum_Lost: 0 / Cooltime_Flag: 0
VM1534:42 ------------------------
VM1534:43 New Game Start
VM1534:49 Cannot Bet!
VM1534:59 Game crashed at  106
VM1534:81 Cum_Lost: 0 / Cooltime_Flag: 0
VM1534:42 ------------------------
VM1534:43 New Game Start
VM1534:49 Cannot Bet!
main-new-cf5ee4ec.js:11 Client disconnected | transport close | string
VM1534:59 Game crashed at  288
VM1534:81 Cum_Lost: 0 / Cooltime_Flag: 0
VM1534:42 ------------------------
VM1534:43 New Game Start
VM1534:49 Cannot Bet!
VM1534:59 Game crashed at  132
VM1534:81 Cum_Lost: 0 / Cooltime_Flag: 0
VM1534:42 ------------------------
VM1534:43 New Game Start
VM1534:49 Cannot Bet!
VM1534:59 Game crashed at  240
VM1534:81 Cum_Lost: 0 / Cooltime_Flag: 0
VM1534:42 ------------------------
VM1534:43 New Game Start
VM1534:49 Cannot Bet!
VM1534:59 Game crashed at  875
VM1534:81 Cum_Lost: 0 / Cooltime_Flag: 0
VM1534:42 ------------------------
VM1534:43 New Game Start
VM1534:49 Cannot Bet!
VM1534:59 Game crashed at  519
VM1534:81 Cum_Lost: 0 / Cooltime_Flag: 0
VM1534:42 ------------------------
VM1534:43 New Game Start
VM1534:49 Cannot Bet!
VM1534:59 Game crashed at  325
VM1534:81 Cum_Lost: 0 / Cooltime_Flag: 0
VM1534:42 ------------------------
VM1534:43 New Game Start
VM1534:49 Cannot Bet!
VM1534:59 Game crashed at  314
VM1534:81 Cum_Lost: 0 / Cooltime_Flag: 0
VM1534:42 ------------------------
VM1534:43 New Game Start
VM1534:49 Cannot Bet!
VM1534:59 Game crashed at  180
VM1534:81 Cum_Lost: 0 / Cooltime_Flag: 0
VM1534:42 ------------------------
VM1534:43 New Game Start
VM1534:49 Cannot Bet!
VM1534:59 Game crashed at  124
VM1534:81 Cum_Lost: 0 / Cooltime_Flag: 0
VM1534:42 ------------------------
VM1534:43 New Game Start
VM1534:49 Cannot Bet!
VM1534:59 Game crashed at  156
VM1534:81 Cum_Lost: 0 / Cooltime_Flag: 0
VM1534:42 ------------------------
VM1534:43 New Game Start
VM1534:49 Cannot Bet!
VM1534:59 Game crashed at  961
VM1534:81 Cum_Lost: 0 / Cooltime_Flag: 0
VM1534:42 ------------------------
VM1534:43 New Game Start
VM1534:49 Cannot Bet!
VM1534:59 Game crashed at  160
VM1534:81 Cum_Lost: 0 / Cooltime_Flag: 0
VM1534:42 ------------------------
VM1534:43 New Game Start
VM1534:49 Cannot Bet!
VM1534:59 Game crashed at  188
VM1534:81 Cum_Lost: 0 / Cooltime_Flag: 0
VM1534:42 ------------------------
VM1534:43 New Game Start
VM1534:49 Cannot Bet!
VM1534:59 Game crashed at  256
VM1534:81 Cum_Lost: 0 / Cooltime_Flag: 0
VM1534:42 ------------------------
VM1534:43 New Game Start
VM1534:49 Cannot Bet!
VM1534:59 Game crashed at  854
VM1534:81 Cum_Lost: 0 / Cooltime_Flag: 0
VM1534:42 ------------------------
VM1534:43 New Game Start
VM1534:49 Cannot Bet!
VM1534:59 Game crashed at  190
VM1534:81 Cum_Lost: 0 / Cooltime_Flag: 0
VM1534:42 ------------------------
VM1534:43 New Game Start
VM1534:49 Cannot Bet!
VM1534:59 Game crashed at  220
VM1534:81 Cum_Lost: 0 / Cooltime_Flag: 0
VM1534:42 ------------------------
VM1534:43 New Game Start
VM1534:49 Cannot Bet!
VM1534:59 Game crashed at  863
VM1534:81 Cum_Lost: 0 / Cooltime_Flag: 0
VM1534:42 ------------------------
VM1534:43 New Game Start
VM1534:49 Cannot Bet!
VM1534:59 Game crashed at  225
VM1534:81 Cum_Lost: 0 / Cooltime_Flag: 0
VM1534:42 ------------------------
VM1534:43 New Game Start
VM1534:49 Cannot Bet!
VM1534:59 Game crashed at  506
VM1534:81 Cum_Lost: 0 / Cooltime_Flag: 0
VM1534:42 ------------------------
VM1534:43 New Game Start
VM1534:49 Cannot Bet!
VM1534:59 Game crashed at  305
VM1534:81 Cum_Lost: 0 / Cooltime_Flag: 0
VM1534:42 ------------------------
VM1534:43 New Game Start
VM1534:46 Let's Bet: 17.39 x   : 4.82% => 4.53% , 48 Passed / Invest: 100 bits
VM1534:59 Game crashed at  324
VM1534:62 You Lose 100 bits
VM1534:81 Cum_Lost: 1 / Cooltime_Flag: 0
VM1534:42 ------------------------
VM1534:43 New Game Start
VM1534:46 Let's Bet: 17.39 x   : 4.53% => 4.26% , 49 Passed / Invest: 120 bits
VM1534:59 Game crashed at  149
VM1534:62 You Lose 120 bits
VM1534:81 Cum_Lost: 2 / Cooltime_Flag: 0
VM1534:42 ------------------------
VM1534:43 New Game Start
VM1534:46 Let's Bet: 17.39 x   : 4.26% => 4.01% , 50 Passed / Invest: 140 bits
VM1534:59 Game crashed at  664
VM1534:62 You Lose 140 bits
VM1534:81 Cum_Lost: 3 / Cooltime_Flag: 0
VM1534:42 ------------------------
VM1534:43 New Game Start
VM1534:46 Let's Bet: 17.39 x   : 4.01% => 3.77% , 51 Passed / Invest: 160 bits
VM1534:59 Game crashed at  119
VM1534:62 You Lose 160 bits
VM1534:81 Cum_Lost: 4 / Cooltime_Flag: 0
VM1534:42 ------------------------
VM1534:43 New Game Start
VM1534:46 Let's Bet: 17.39 x   : 3.77% => 3.54% , 52 Passed / Invest: 180 bits
VM1534:59 Game crashed at  133
VM1534:62 You Lose 180 bits
VM1534:81 Cum_Lost: 5 / Cooltime_Flag: 0
VM1534:42 ------------------------
VM1534:43 New Game Start
VM1534:46 Let's Bet: 9.62 x   : 3.43% => 3.09% , 31 Passed / Invest: 200 bits
VM1534:59 Game crashed at  178
VM1534:62 You Lose 200 bits
VM1534:81 Cum_Lost: 6 / Cooltime_Flag: 1
VM1534:153 Cool time 10 remains.
VM1534:42 ------------------------
VM1534:43 New Game Start
VM1534:49 Cannot Bet!
socket.io/?EIO=3&transport=polling&t=LqzN01Y&sid=GHgZW-tu1PgBDmicANOI Failed to load resource: the server responded with a status of 400 ()
main-new-cf5ee4ec.js:14 on error:  Error: xhr poll error
    at o.r.onError (main-new-cf5ee4ec.js:9)
    at i.<anonymous> (main-new-cf5ee4ec.js:9)
    at i.r.emit (main-new-cf5ee4ec.js:9)
    at i.onError (main-new-cf5ee4ec.js:9)
    at main-new-cf5ee4ec.js:9
main-new-cf5ee4ec.js:14 Server sent us the error:  Error: xhr poll error
    at o.r.onError (main-new-cf5ee4ec.js:9)
    at i.<anonymous> (main-new-cf5ee4ec.js:9)
    at i.r.emit (main-new-cf5ee4ec.js:9)
    at i.onError (main-new-cf5ee4ec.js:9)
    at main-new-cf5ee4ec.js:9
(anonymous) @ main-new-cf5ee4ec.js:14
socket.io/?EIO=3&transport=polling&t=LqzN4ux&sid=GHgZW-tu1PgBDmicANOI Failed to load resource: the server responded with a status of 400 ()
VM1534:59 Game crashed at  939
VM1534:81 Cum_Lost: 0 / Cooltime_Flag: 0
VM1534:42 ------------------------
VM1534:43 New Game Start
VM1534:46 Let's Bet: 9.62 x   : 2.78% => 2.5% , 33 Passed / Invest: 100 bits
VM1534:59 Game crashed at  106
VM1534:62 You Lose 100 bits
VM1534:81 Cum_Lost: 1 / Cooltime_Flag: 0
VM1534:42 ------------------------
VM1534:43 New Game Start
VM1534:46 Let's Bet: 9.62 x   : 2.5% => 2.25% , 34 Passed / Invest: 120 bits
VM1534:59 Game crashed at  241
VM1534:62 You Lose 120 bits
VM1534:81 Cum_Lost: 2 / Cooltime_Flag: 0
VM1534:42 ------------------------
VM1534:43 New Game Start
VM1534:46 Let's Bet: 9.62 x   : 2.25% => 2.03% , 35 Passed / Invest: 140 bits
VM1534:59 Game crashed at  0
VM1534:62 You Lose 140 bits
VM1534:81 Cum_Lost: 3 / Cooltime_Flag: 0
VM1534:42 ------------------------
VM1534:43 New Game Start
VM1534:46 Let's Bet: 9.62 x   : 2.03% => 1.82% , 36 Passed / Invest: 160 bits
VM1534:59 Game crashed at  158
VM1534:62 You Lose 160 bits
VM1534:81 Cum_Lost: 4 / Cooltime_Flag: 0
VM1534:42 ------------------------
VM1534:43 New Game Start
VM1534:46 Let's Bet: 9.62 x   : 1.82% => 1.64% , 37 Passed / Invest: 180 bits
VM1534:59 Game crashed at  550
VM1534:62 You Lose 180 bits
VM1534:81 Cum_Lost: 5 / Cooltime_Flag: 0
VM1534:42 ------------------------
VM1534:43 New Game Start
VM1534:46 Let's Bet: 9.62 x   : 1.64% => 1.48% , 38 Passed / Invest: 200 bits
VM1534:59 Game crashed at  321
VM1534:62 You Lose 200 bits
VM1534:81 Cum_Lost: 6 / Cooltime_Flag: 1
VM1534:153 Cool time 10 remains.
VM1534:42 ------------------------
VM1534:43 New Game Start
VM1534:49 Cannot Bet!
VM1534:59 Game crashed at  219
VM1534:81 Cum_Lost: 0 / Cooltime_Flag: 0
VM1534:42 ------------------------
VM1534:43 New Game Start
VM1534:46 Let's Bet: 9.62 x   : 1.33% => 1.2% , 40 Passed / Invest: 100 bits
VM1534:59 Game crashed at  138
VM1534:62 You Lose 100 bits
VM1534:81 Cum_Lost: 1 / Cooltime_Flag: 0
VM1534:42 ------------------------
VM1534:43 New Game Start
VM1534:46 Let's Bet: 9.62 x   : 1.2% => 1.08% , 41 Passed / Invest: 120 bits
VM1534:59 Game crashed at  296
VM1534:62 You Lose 120 bits
VM1534:81 Cum_Lost: 2 / Cooltime_Flag: 0
VM1534:42 ------------------------
VM1534:43 New Game Start
VM1534:46 Let's Bet: 9.62 x   : 1.08% => 0.97% , 42 Passed / Invest: 140 bits
VM1534:59 Game crashed at  920
VM1534:62 You Lose 140 bits
VM1534:81 Cum_Lost: 3 / Cooltime_Flag: 0
VM1534:42 ------------------------
VM1534:43 New Game Start
VM1534:46 Let's Bet: 9.62 x   : 0.97% => 0.87% , 43 Passed / Invest: 160 bits
VM1534:59 Game crashed at  313
VM1534:62 You Lose 160 bits
VM1534:81 Cum_Lost: 4 / Cooltime_Flag: 0
VM1534:42 ------------------------
VM1534:43 New Game Start
VM1534:46 Let's Bet: 9.62 x   : 0.87% => 0.79% , 44 Passed / Invest: 180 bits
VM1534:59 Game crashed at  202
VM1534:62 You Lose 180 bits
VM1534:81 Cum_Lost: 5 / Cooltime_Flag: 0
VM1534:42 ------------------------
VM1534:43 New Game Start
VM1534:46 Let's Bet: 9.62 x   : 0.79% => 0.71% , 45 Passed / Invest: 200 bits
VM1534:59 Game crashed at  159
VM1534:62 You Lose 200 bits
VM1534:81 Cum_Lost: 6 / Cooltime_Flag: 1
VM1534:153 Cool time 10 remains.
VM1534:42 ------------------------
VM1534:43 New Game Start
VM1534:49 Cannot Bet!
VM1534:59 Game crashed at  210
VM1534:81 Cum_Lost: 0 / Cooltime_Flag: 0
VM1534:42 ------------------------
VM1534:43 New Game Start
VM1534:46 Let's Bet: 9.62 x   : 0.64% => 0.57% , 47 Passed / Invest: 100 bits
VM1534:59 Game crashed at  116
VM1534:62 You Lose 100 bits
VM1534:81 Cum_Lost: 1 / Cooltime_Flag: 0
VM1534:42 ------------------------
VM1534:43 New Game Start
VM1534:46 Let's Bet: 9.62 x   : 0.57% => 0.52% , 48 Passed / Invest: 120 bits
VM1534:59 Game crashed at  200
VM1534:62 You Lose 120 bits
VM1534:81 Cum_Lost: 2 / Cooltime_Flag: 0
VM1534:42 ------------------------
VM1534:43 New Game Start
VM1534:46 Let's Bet: 9.62 x   : 0.52% => 0.46% , 49 Passed / Invest: 140 bits
VM1534:59 Game crashed at  121
VM1534:62 You Lose 140 bits
VM1534:81 Cum_Lost: 3 / Cooltime_Flag: 0
VM1534:42 ------------------------
VM1534:43 New Game Start
VM1534:59 Game crashed at  191
VM1534:81 Cum_Lost: 0 / Cooltime_Flag: 0
VM1534:42 ------------------------
VM1534:43 New Game Start
VM1534:59 Game crashed at  103
VM1534:81 Cum_Lost: 0 / Cooltime_Flag: 0
VM1534:42 ------------------------
VM1534:43 New Game Start
VM1534:59 Game crashed at  295
VM1534:81 Cum_Lost: 0 / Cooltime_Flag: 0
VM1534:42 ------------------------
VM1534:43 New Game Start
VM1534:59 Game crashed at  576
VM1534:81 Cum_Lost: 0 / Cooltime_Flag: 0
VM1534:42 ------------------------
VM1534:43 New Game Start
VM1534:59 Game crashed at  205
VM1534:81 Cum_Lost: 0 / Cooltime_Flag: 0
VM1534:42 ------------------------
VM1534:43 New Game Start
VM1534:59 Game crashed at  105
VM1534:81 Cum_Lost: 0 / Cooltime_Flag: 0
VM1534:42 ------------------------
VM1534:43 New Game Start
VM1534:59 Game crashed at  247
VM1534:81 Cum_Lost: 0 / Cooltime_Flag: 0
VM1534:42 ------------------------
VM1534:43 New Game Start
VM1534:59 Game crashed at  141
VM1534:81 Cum_Lost: 0 / Cooltime_Flag: 0
VM1534:42 ------------------------
VM1534:43 New Game Start
VM1534:59 Game crashed at  139
VM1534:81 Cum_Lost: 0 / Cooltime_Flag: 0
VM1534:42 ------------------------
VM1534:43 New Game Start
VM1534:59 Game crashed at  175
VM1534:81 Cum_Lost: 0 / Cooltime_Flag: 0
VM1534:42 ------------------------
VM1534:43 New Game Start
VM1534:59 Game crashed at  166
VM1534:81 Cum_Lost: 0 / Cooltime_Flag: 0
VM1534:42 ------------------------
VM1534:43 New Game Start
VM1534:59 Game crashed at  168
VM1534:81 Cum_Lost: 0 / Cooltime_Flag: 0
VM1534:42 ------------------------
VM1534:43 New Game Start
VM1534:59 Game crashed at  1287
VM1534:81 Cum_Lost: 0 / Cooltime_Flag: 0
VM1534:42 ------------------------
VM1534:43 New Game Start
VM1534:59 Game crashed at  120
VM1534:81 Cum_Lost: 0 / Cooltime_Flag: 0
VM1534:42 ------------------------
VM1534:43 New Game Start
VM1534:59 Game crashed at  150
VM1534:81 Cum_Lost: 0 / Cooltime_Flag: 0
VM1534:42 ------------------------
VM1534:43 New Game Start
VM1534:59 Game crashed at  154
VM1534:81 Cum_Lost: 0 / Cooltime_Flag: 0
VM1534:42 ------------------------
VM1534:43 New Game Start
VM1534:59 Game crashed at  1828
VM1534:81 Cum_Lost: 0 / Cooltime_Flag: 0
VM1534:42 ------------------------
VM1534:43 New Game Start
VM1534:59 Game crashed at  0
VM1534:81 Cum_Lost: 0 / Cooltime_Flag: 0
VM1534:42 ------------------------
VM1534:43 New Game Start
VM1534:59 Game crashed at  271
VM1534:81 Cum_Lost: 0 / Cooltime_Flag: 0
VM1534:42 ------------------------
VM1534:43 New Game Start
VM1534:59 Game crashed at  270
VM1534:81 Cum_Lost: 0 / Cooltime_Flag: 0
VM1534:42 ------------------------
VM1534:43 New Game Start
VM1534:59 Game crashed at  180
VM1534:81 Cum_Lost: 0 / Cooltime_Flag: 0
VM1534:42 ------------------------
VM1534:43 New Game Start
VM1534:59 Game crashed at  410
VM1534:81 Cum_Lost: 0 / Cooltime_Flag: 0
VM1534:42 ------------------------
VM1534:43 New Game Start
VM1534:59 Game crashed at  204
VM1534:81 Cum_Lost: 0 / Cooltime_Flag: 0
VM1534:42 ------------------------
VM1534:43 New Game Start
VM1534:59 Game crashed at  170
VM1534:81 Cum_Lost: 0 / Cooltime_Flag: 0
VM1534:42 ------------------------
VM1534:43 New Game Start
VM1534:59 Game crashed at  525
VM1534:81 Cum_Lost: 0 / Cooltime_Flag: 0
VM1534:42 ------------------------
VM1534:43 New Game Start
VM1534:59 Game crashed at  664
VM1534:81 Cum_Lost: 0 / Cooltime_Flag: 0
VM1534:42 ------------------------
VM1534:43 New Game Start
socket.io/?EIO=3&transport=polling&t=LqzQkn9&sid=iLAYN6tvTgjWSaIZANXX Failed to load resource: the server responded with a status of 400 ()
main-new-cf5ee4ec.js:14 on error:  Error: xhr poll error
    at o.r.onError (main-new-cf5ee4ec.js:9)
    at i.<anonymous> (main-new-cf5ee4ec.js:9)
    at i.r.emit (main-new-cf5ee4ec.js:9)
    at i.onError (main-new-cf5ee4ec.js:9)
    at main-new-cf5ee4ec.js:9
main-new-cf5ee4ec.js:14 Server sent us the error:  Error: xhr poll error
    at o.r.onError (main-new-cf5ee4ec.js:9)
    at i.<anonymous> (main-new-cf5ee4ec.js:9)
    at i.r.emit (main-new-cf5ee4ec.js:9)
    at i.onError (main-new-cf5ee4ec.js:9)
    at main-new-cf5ee4ec.js:9
(anonymous) @ main-new-cf5ee4ec.js:14
socket.io/?EIO=3&transport=polling&t=LqzQo9s&sid=iLAYN6tvTgjWSaIZANXX Failed to load resource: the server responded with a status of 400 ()
VM1534:59 Game crashed at  255
VM1534:81 Cum_Lost: 0 / Cooltime_Flag: 0
VM1534:42 ------------------------
VM1534:43 New Game Start
VM1534:59 Game crashed at  129
VM1534:81 Cum_Lost: 0 / Cooltime_Flag: 0
VM1534:42 ------------------------
VM1534:43 New Game Start
VM1534:59 Game crashed at  36174
VM1534:81 Cum_Lost: 0 / Cooltime_Flag: 0
VM1534:42 ------------------------
VM1534:43 New Game Start
VM1534:59 Game crashed at  203
VM1534:81 Cum_Lost: 0 / Cooltime_Flag: 0
VM1534:42 ------------------------
VM1534:43 New Game Start
VM1534:59 Game crashed at  912
VM1534:81 Cum_Lost: 0 / Cooltime_Flag: 0
VM1534:42 ------------------------
VM1534:43 New Game Start
VM1534:59 Game crashed at  8072
VM1534:81 Cum_Lost: 0 / Cooltime_Flag: 0
VM1534:42 ------------------------
VM1534:43 New Game Start
VM1534:59 Game crashed at  1695
VM1534:81 Cum_Lost: 0 / Cooltime_Flag: 0
VM1534:42 ------------------------
VM1534:43 New Game Start
VM1534:59 Game crashed at  144
VM1534:81 Cum_Lost: 0 / Cooltime_Flag: 0
VM1534:42 ------------------------
VM1534:43 New Game Start
VM1534:59 Game crashed at  163
VM1534:81 Cum_Lost: 0 / Cooltime_Flag: 0
VM1534:42 ------------------------
VM1534:43 New Game Start
VM1534:59 Game crashed at  165
VM1534:81 Cum_Lost: 0 / Cooltime_Flag: 0
VM1534:42 ------------------------
VM1534:43 New Game Start
VM1534:59 Game crashed at  302
VM1534:81 Cum_Lost: 0 / Cooltime_Flag: 0
VM1534:42 ------------------------
VM1534:43 New Game Start
VM1534:59 Game crashed at  115
VM1534:81 Cum_Lost: 0 / Cooltime_Flag: 0
VM1534:42 ------------------------
VM1534:43 New Game Start
VM1534:59 Game crashed at  0
VM1534:81 Cum_Lost: 0 / Cooltime_Flag: 0
VM1534:42 ------------------------
VM1534:43 New Game Start
VM1534:59 Game crashed at  125
VM1534:81 Cum_Lost: 0 / Cooltime_Flag: 0
VM1534:42 ------------------------
VM1534:43 New Game Start
VM1534:59 Game crashed at  354
VM1534:81 Cum_Lost: 0 / Cooltime_Flag: 0
VM1534:42 ------------------------
VM1534:43 New Game Start
VM1534:59 Game crashed at  389
VM1534:81 Cum_Lost: 0 / Cooltime_Flag: 0
VM1534:42 ------------------------
VM1534:43 New Game Start
VM1534:59 Game crashed at  108
VM1534:81 Cum_Lost: 0 / Cooltime_Flag: 0
VM1534:42 ------------------------
VM1534:43 New Game Start
VM1534:59 Game crashed at  127
VM1534:81 Cum_Lost: 0 / Cooltime_Flag: 0
VM1534:42 ------------------------
VM1534:43 New Game Start
VM1534:59 Game crashed at  446
VM1534:81 Cum_Lost: 0 / Cooltime_Flag: 0
VM1534:42 ------------------------
VM1534:43 New Game Start
VM1534:59 Game crashed at  495
VM1534:81 Cum_Lost: 0 / Cooltime_Flag: 0
VM1534:42 ------------------------
VM1534:43 New Game Start
VM1534:59 Game crashed at  190
VM1534:81 Cum_Lost: 0 / Cooltime_Flag: 0
VM1534:42 ------------------------
VM1534:43 New Game Start
